2025-11-01T17:02:21.477+05:30  INFO 8345 --- [Backend] [restartedMain] dev.sajid.backend.BackendApplication     : Starting BackendApplication using Java 21.0.8 with PID 8345 (/home/sajid/Desktop/personal/AttendanceApp/Backend/target/classes started by sajid in /home/sajid/Desktop/personal/AttendanceApp/Backend)
2025-11-01T17:02:21.508+05:30 DEBUG 8345 --- [Backend] [restartedMain] dev.sajid.backend.BackendApplication     : Running with Spring Boot v3.5.6, Spring v6.2.11
2025-11-01T17:02:21.516+05:30  INFO 8345 --- [Backend] [restartedMain] dev.sajid.backend.BackendApplication     : No active profile set, falling back to 1 default profile: "default"
2025-11-01T17:02:21.628+05:30  INFO 8345 --- [Backend] [restartedMain] .e.DevToolsPropertyDefaultsPostProcessor : Devtools property defaults active! Set 'spring.devtools.add-properties' to 'false' to disable
2025-11-01T17:02:21.629+05:30  INFO 8345 --- [Backend] [restartedMain] .e.DevToolsPropertyDefaultsPostProcessor : For additional web related logging consider setting the 'logging.level.web' property to 'DEBUG'
2025-11-01T17:02:23.541+05:30  INFO 8345 --- [Backend] [restartedMain] .s.d.r.c.RepositoryConfigurationDelegate : Bootstrapping Spring Data JPA repositories in DEFAULT mode.
2025-11-01T17:02:23.702+05:30  INFO 8345 --- [Backend] [restartedMain] .s.d.r.c.RepositoryConfigurationDelegate : Finished Spring Data repository scanning in 145 ms. Found 11 JPA repository interfaces.
2025-11-01T17:02:25.168+05:30  INFO 8345 --- [Backend] [restartedMain] o.s.b.w.embedded.tomcat.TomcatWebServer  : Tomcat initialized with port 8080 (http)
2025-11-01T17:02:25.198+05:30  INFO 8345 --- [Backend] [restartedMain] o.apache.catalina.core.StandardService   : Starting service [Tomcat]
2025-11-01T17:02:25.199+05:30  INFO 8345 --- [Backend] [restartedMain] o.apache.catalina.core.StandardEngine    : Starting Servlet engine: [Apache Tomcat/10.1.46]
2025-11-01T17:02:25.265+05:30  INFO 8345 --- [Backend] [restartedMain] o.a.c.c.C.[Tomcat].[localhost].[/]       : Initializing Spring embedded WebApplicationContext
2025-11-01T17:02:25.265+05:30  INFO 8345 --- [Backend] [restartedMain] w.s.c.ServletWebServerApplicationContext : Root WebApplicationContext: initialization completed in 3635 ms
2025-11-01T17:02:25.685+05:30  INFO 8345 --- [Backend] [restartedMain] o.hibernate.jpa.internal.util.LogHelper  : HHH000204: Processing PersistenceUnitInfo [name: default]
2025-11-01T17:02:25.876+05:30  INFO 8345 --- [Backend] [restartedMain] org.hibernate.Version                    : HHH000412: Hibernate ORM core version 6.6.29.Final
2025-11-01T17:02:26.048+05:30  INFO 8345 --- [Backend] [restartedMain] o.h.c.internal.RegionFactoryInitiator    : HHH000026: Second-level cache disabled
2025-11-01T17:02:27.227+05:30  INFO 8345 --- [Backend] [restartedMain] o.s.o.j.p.SpringPersistenceUnitInfo      : No LoadTimeWeaver setup: ignoring JPA class transformer
2025-11-01T17:02:27.280+05:30  INFO 8345 --- [Backend] [restartedMain] com.zaxxer.hikari.HikariDataSource       : HikariPool-1 - Starting...
2025-11-01T17:02:28.075+05:30  INFO 8345 --- [Backend] [restartedMain] com.zaxxer.hikari.pool.HikariPool        : HikariPool-1 - Added connection org.postgresql.jdbc.PgConnection@60f6263e
2025-11-01T17:02:28.077+05:30  INFO 8345 --- [Backend] [restartedMain] com.zaxxer.hikari.HikariDataSource       : HikariPool-1 - Start completed.
2025-11-01T17:02:28.136+05:30  WARN 8345 --- [Backend] [restartedMain] org.hibernate.orm.deprecation            : HHH90000025: PostgreSQLDialect does not need to be specified explicitly using 'hibernate.dialect' (remove the property setting and it will be selected by default)
2025-11-01T17:02:28.164+05:30  INFO 8345 --- [Backend] [restartedMain] org.hibernate.orm.connections.pooling    : HHH10001005: Database info:
	Database JDBC URL [Connecting through datasource 'HikariDataSource (HikariPool-1)']
	Database driver: undefined/unknown
	Database version: 16.10
	Autocommit mode: undefined/unknown
	Isolation level: undefined/unknown
	Minimum pool size: undefined/unknown
	Maximum pool size: undefined/unknown
2025-11-01T17:02:30.219+05:30  INFO 8345 --- [Backend] [restartedMain] o.h.e.t.j.p.i.JtaPlatformInitiator       : HHH000489: No JTA platform available (set 'hibernate.transaction.jta.platform' to enable JTA platform integration)
2025-11-01T17:02:31.740+05:30  INFO 8345 --- [Backend] [restartedMain] j.LocalContainerEntityManagerFactoryBean : Initialized JPA EntityManagerFactory for persistence unit 'default'
2025-11-01T17:02:32.164+05:30  INFO 8345 --- [Backend] [restartedMain] o.s.d.j.r.query.QueryEnhancerFactory     : Hibernate is in classpath; If applicable, HQL parser will be used.
2025-11-01T17:02:32.869+05:30 DEBUG 8345 --- [Backend] [restartedMain] dev.sajid.backend.jwt.AuthTokenFilter    : Filter 'authTokenFilter' configured for use
2025-11-01T17:02:32.963+05:30  INFO 8345 --- [Backend] [restartedMain] eAuthenticationProviderManagerConfigurer : Global AuthenticationManager configured with AuthenticationProvider bean with name authenticationProvider
2025-11-01T17:02:32.964+05:30  WARN 8345 --- [Backend] [restartedMain] r$InitializeUserDetailsManagerConfigurer : Global AuthenticationManager configured with an AuthenticationProvider bean. UserDetailsService beans will not be used by Spring Security for automatically configuring username/password login. Consider removing the AuthenticationProvider bean. Alternatively, consider using the UserDetailsService in a manually instantiated DaoAuthenticationProvider. If the current configuration is intentional, to turn off this warning, increase the logging level of 'org.springframework.security.config.annotation.authentication.configuration.InitializeUserDetailsBeanManagerConfigurer' to ERROR
2025-11-01T17:02:33.593+05:30  WARN 8345 --- [Backend] [restartedMain] JpaBaseConfiguration$JpaWebConfiguration : spring.jpa.open-in-view is enabled by default. Therefore, database queries may be performed during view rendering. Explicitly configure spring.jpa.open-in-view to disable this warning
2025-11-01T17:02:34.140+05:30  INFO 8345 --- [Backend] [restartedMain] o.s.v.b.OptionalValidatorFactoryBean     : Failed to set up a Bean Validation provider: jakarta.validation.NoProviderFoundException: Unable to create a Configuration, because no Jakarta Bean Validation provider could be found. Add a provider like Hibernate Validator (RI) to your classpath.
2025-11-01T17:02:34.483+05:30  INFO 8345 --- [Backend] [restartedMain] o.s.b.a.h2.H2ConsoleAutoConfiguration    : H2 console available at '/h2-console'. Database available at 'jdbc:postgresql://localhost:5432/college_db'
2025-11-01T17:02:34.612+05:30  INFO 8345 --- [Backend] [restartedMain] o.s.b.d.a.OptionalLiveReloadServer       : LiveReload server is running on port 35729
2025-11-01T17:02:34.664+05:30  INFO 8345 --- [Backend] [restartedMain] o.s.b.w.embedded.tomcat.TomcatWebServer  : Tomcat started on port 8080 (http) with context path '/'
2025-11-01T17:02:34.689+05:30  INFO 8345 --- [Backend] [restartedMain] dev.sajid.backend.BackendApplication     : Started BackendApplication in 14.604 seconds (process running for 15.457)
2025-11-01T17:02:44.359+05:30  INFO 8345 --- [Backend] [http-nio-8080-exec-1] o.a.c.c.C.[Tomcat].[localhost].[/]       : Initializing Spring DispatcherServlet 'dispatcherServlet'
2025-11-01T17:02:44.359+05:30  INFO 8345 --- [Backend] [http-nio-8080-exec-1] o.s.web.servlet.DispatcherServlet        : Initializing Servlet 'dispatcherServlet'
2025-11-01T17:02:44.362+05:30  INFO 8345 --- [Backend] [http-nio-8080-exec-1] o.s.web.servlet.DispatcherServlet        : Completed initialization in 3 ms
2025-11-01T17:02:44.396+05:30 DEBUG 8345 --- [Backend] [http-nio-8080-exec-1] dev.sajid.backend.jwt.AuthTokenFilter    : AuthFilter called for uri /api/auth/login
2025-11-01T17:02:44.396+05:30 DEBUG 8345 --- [Backend] [http-nio-8080-exec-1] dev.sajid.backend.jwt.JwtUtils           : Authorization header: null
2025-11-01T17:02:44.396+05:30 DEBUG 8345 --- [Backend] [http-nio-8080-exec-1] dev.sajid.backend.jwt.AuthTokenFilter    : AuthTokenFilter.java: {}null
2025-11-01T17:02:44.539+05:30 DEBUG 8345 --- [Backend] [http-nio-8080-exec-1] d.s.backend.controllers.AuthController   : User: LoginRequest(username=1099, password=12345) requested login.
2025-11-01T17:02:45.171+05:30  INFO 8345 --- [Backend] [http-nio-8080-exec-1] d.s.backend.controllers.AuthController   : User 1099 logged in.
2025-11-01T17:02:56.252+05:30 DEBUG 8345 --- [Backend] [http-nio-8080-exec-3] dev.sajid.backend.jwt.AuthTokenFilter    : AuthFilter called for uri /api/courses/1/attendanceReport
2025-11-01T17:02:56.253+05:30 DEBUG 8345 --- [Backend] [http-nio-8080-exec-3] dev.sajid.backend.jwt.JwtUtils           : Authorization header: Bearer eyJhbGciOiJIUzI1NiJ9.eyJzdWIiOiIxMDk5IiwiaWF0IjoxNzYxOTk2NzY1LCJleHAiOjE3NjIwMzI3NjV9.M2hCy1tc4_e8sBnCxI-TEat2zcyIGCSmsztyst5CZW0
2025-11-01T17:02:56.253+05:30 DEBUG 8345 --- [Backend] [http-nio-8080-exec-3] dev.sajid.backend.jwt.AuthTokenFilter    : AuthTokenFilter.java: {}eyJhbGciOiJIUzI1NiJ9.eyJzdWIiOiIxMDk5IiwiaWF0IjoxNzYxOTk2NzY1LCJleHAiOjE3NjIwMzI3NjV9.M2hCy1tc4_e8sBnCxI-TEat2zcyIGCSmsztyst5CZW0
2025-11-01T17:03:23.594+05:30 DEBUG 8345 --- [Backend] [http-nio-8080-exec-4] dev.sajid.backend.jwt.AuthTokenFilter    : AuthFilter called for uri /api/courses/1/startDate
2025-11-01T17:03:23.594+05:30 DEBUG 8345 --- [Backend] [http-nio-8080-exec-4] dev.sajid.backend.jwt.JwtUtils           : Authorization header: Bearer eyJhbGciOiJIUzI1NiJ9.eyJzdWIiOiIxMDk5IiwiaWF0IjoxNzYxODE3NTcxLCJleHAiOjE3NjE4NTM1NzF9.yK7JpN_IcQR3e-BD8-sjfuP8IHrJCNoK8xfFdtx0GD4
2025-11-01T17:03:23.594+05:30 DEBUG 8345 --- [Backend] [http-nio-8080-exec-4] dev.sajid.backend.jwt.AuthTokenFilter    : AuthTokenFilter.java: {}eyJhbGciOiJIUzI1NiJ9.eyJzdWIiOiIxMDk5IiwiaWF0IjoxNzYxODE3NTcxLCJleHAiOjE3NjE4NTM1NzF9.yK7JpN_IcQR3e-BD8-sjfuP8IHrJCNoK8xfFdtx0GD4
2025-11-01T17:03:23.597+05:30 ERROR 8345 --- [Backend] [http-nio-8080-exec-4] dev.sajid.backend.jwt.JwtUtils           : Jwt has expired: JWT expired 143232596 milliseconds ago at 2025-10-30T19:46:11.000Z. Current time: 2025-11-01T11:33:23.596Z. Allowed clock skew: 0 milliseconds.
2025-11-01T17:03:30.099+05:30 DEBUG 8345 --- [Backend] [http-nio-8080-exec-5] dev.sajid.backend.jwt.AuthTokenFilter    : AuthFilter called for uri /api/courses/1/startDate
2025-11-01T17:03:30.100+05:30 DEBUG 8345 --- [Backend] [http-nio-8080-exec-5] dev.sajid.backend.jwt.JwtUtils           : Authorization header: Bearer eyJhbGciOiJIUzI1NiJ9.eyJzdWIiOiIxMDk5IiwiaWF0IjoxNzYxOTk2NzY1LCJleHAiOjE3NjIwMzI3NjV9.M2hCy1tc4_e8sBnCxI-TEat2zcyIGCSmsztyst5CZW0
2025-11-01T17:03:30.100+05:30 DEBUG 8345 --- [Backend] [http-nio-8080-exec-5] dev.sajid.backend.jwt.AuthTokenFilter    : AuthTokenFilter.java: {}eyJhbGciOiJIUzI1NiJ9.eyJzdWIiOiIxMDk5IiwiaWF0IjoxNzYxOTk2NzY1LCJleHAiOjE3NjIwMzI3NjV9.M2hCy1tc4_e8sBnCxI-TEat2zcyIGCSmsztyst5CZW0
2025-11-01T17:03:30.116+05:30 DEBUG 8345 --- [Backend] [http-nio-8080-exec-5] d.sajid.backend.services.CourseService   : 2025-10-30T15:13:28.777899
2025-11-01T17:03:30.117+05:30 DEBUG 8345 --- [Backend] [http-nio-8080-exec-5] d.sajid.backend.services.CourseService   : Timestamp is not null, it is: 2025-10-30T15:13:28.777899
2025-11-01T17:04:05.815+05:30 DEBUG 8345 --- [Backend] [http-nio-8080-exec-6] dev.sajid.backend.jwt.AuthTokenFilter    : AuthFilter called for uri /api/student-batches/23/attendance
2025-11-01T17:04:05.816+05:30 DEBUG 8345 --- [Backend] [http-nio-8080-exec-6] dev.sajid.backend.jwt.JwtUtils           : Authorization header: Bearer eyJhbGciOiJIUzI1NiJ9.eyJzdWIiOiIxMDk5IiwiaWF0IjoxNzYxOTk2NzY1LCJleHAiOjE3NjIwMzI3NjV9.M2hCy1tc4_e8sBnCxI-TEat2zcyIGCSmsztyst5CZW0
2025-11-01T17:04:05.818+05:30 DEBUG 8345 --- [Backend] [http-nio-8080-exec-6] dev.sajid.backend.jwt.AuthTokenFilter    : AuthTokenFilter.java: {}eyJhbGciOiJIUzI1NiJ9.eyJzdWIiOiIxMDk5IiwiaWF0IjoxNzYxOTk2NzY1LCJleHAiOjE3NjIwMzI3NjV9.M2hCy1tc4_e8sBnCxI-TEat2zcyIGCSmsztyst5CZW0
